#
# There is insufficient memory for the Java Runtime Environment to continue.
# Native memory allocation (malloc) failed to allocate 1048576 bytes for AllocateHeap
# Possible reasons:
#   The system is out of physical RAM or swap space
#   In 32 bit mode, the process size limit was hit
# Possible solutions:
#   Reduce memory load on the system
#   Increase physical memory or swap space
#   Check if swap backing store is full
#   Use 64 bit Java on a 64 bit OS
#   Decrease Java heap size (-Xmx/-Xms)
#   Decrease number of Java threads
#   Decrease Java thread stack sizes (-Xss)
#   Set larger code cache with -XX:ReservedCodeCacheSize=
# This output file may be truncated or incomplete.
#
#  Out of Memory Error (memory/allocation.inline.hpp:61), pid=6932, tid=1880
#
# JRE version:  (8.0_71-b15) (build )
# Java VM: Java HotSpot(TM) 64-Bit Server VM (25.71-b15 mixed mode windows-amd64 compressed oops)
# Failed to write core dump. Minidumps are not enabled by default on client versions of Windows
#

---------------  T H R E A D  ---------------

Current thread (0x00000000004bd800):  JavaThread "Unknown thread" [_thread_in_vm, id=1880, stack(0x0000000001e30000,0x0000000001f30000)]

Stack: [0x0000000001e30000,0x0000000001f30000]
[error occurred during error reporting (printing stack bounds), id 0xc0000005]

Native frames: (J=compiled Java code, j=interpreted, Vv=VM code, C=native code)


---------------  P R O C E S S  ---------------

Java Threads: ( => current thread )

Other Threads:

=>0x00000000004bd800 (exited) JavaThread "Unknown thread" [_thread_in_vm, id=1880, stack(0x0000000001e30000,0x0000000001f30000)]

VM state:not at safepoint (normal execution)

VM Mutex/Monitor currently owned by a thread: None

Heap:
 PSYoungGen      total 2048K, used 30K [0x00000000d5d80000, 0x00000000d6000000, 0x0000000100000000)
  eden space 1536K, 2% used [0x00000000d5d80000,0x00000000d5d87af0,0x00000000d5f00000)
  from space 512K, 0% used [0x00000000d5f80000,0x00000000d5f80000,0x00000000d6000000)
  to   space 512K, 0% used [0x00000000d5f00000,0x00000000d5f00000,0x00000000d5f80000)
 ParOldGen       total 5632K, used 0K [0x0000000081800000, 0x0000000081d80000, 0x00000000d5d80000)
  object space 5632K, 0% used [0x0000000081800000,0x0000000081800000,0x0000000081d80000)
 Metaspace       used 769K, capacity 4480K, committed 4480K, reserved 1056768K
  class space    used 75K, capacity 384K, committed 384K, reserved 1048576K

Card table byte_map: [0x00000000114f0000,0x00000000118f0000] byte_map_base: 0x00000000110e4000

Marking Bits: (ParMarkBitMap*) 0x000000005a88f600
 Begin Bits: [0x0000000011fa0000, 0x0000000013f40000)
 End Bits:   [0x0000000013f40000, 0x0000000015ee0000)

Polling page: 0x0000000000620000

CodeCache: size=245760Kb used=328Kb max_used=328Kb free=245431Kb
 bounds [0x0000000002130000, 0x00000000023a0000, 0x0000000011130000]
 total_blobs=57 nmethods=0 adapters=37
 compilation: enabled

Compilation events (0 events):
No events

GC Heap History (0 events):
No events

Deoptimization events (0 events):
No events

Internal exceptions (0 events):
No events

Events (10 events):
Event: 0.406 loading class java/lang/Short
Event: 0.412 loading class java/lang/Short done
Event: 0.412 loading class java/lang/Integer
Event: 0.414 loading class java/lang/Integer done
Event: 0.415 loading class java/lang/Long
Event: 0.418 loading class java/lang/Long done
Event: 0.438 loading class java/lang/NullPointerException
Event: 0.438 loading class java/lang/NullPointerException done
Event: 0.439 loading class java/lang/ArithmeticException
Event: 0.439 loading class java/lang/ArithmeticException done


Dynamic libraries:
0x00007ff6e5f80000 - 0x00007ff6e5f87000 	C:\Program Files\Java\jdk1.8.0_71\bin\javac.exe
0x00007ffa4b6e0000 - 0x00007ffa4b88d000 	C:\Windows\SYSTEM32\ntdll.dll
0x00007ffa4b400000 - 0x00007ffa4b53e000 	C:\Windows\system32\KERNEL32.DLL
0x00007ffa48900000 - 0x00007ffa48a15000 	C:\Windows\system32\KERNELBASE.dll
0x0000000059c00000 - 0x0000000059c2f000 	C:\Program Files\Java\jdk1.8.0_71\bin\jli.dll
0x00000000599c0000 - 0x0000000059a92000 	C:\Program Files\Java\jdk1.8.0_71\bin\MSVCR100.dll
0x00007ffa48d70000 - 0x00007ffa48e1a000 	C:\Windows\system32\ADVAPI32.dll
0x00007ffa46900000 - 0x00007ffa46b7b000 	C:\Windows\WinSxS\amd64_microsoft.windows.common-controls_6595b64144ccf1df_6.0.9600.18006_none_623f33d3ecbe86e8\COMCTL32.dll
0x00007ffa4adc0000 - 0x00007ffa4af37000 	C:\Windows\system32\USER32.dll
0x00007ffa4b610000 - 0x00007ffa4b6ba000 	C:\Windows\system32\msvcrt.dll
0x00007ffa4ad60000 - 0x00007ffa4adb9000 	C:\Windows\SYSTEM32\sechost.dll
0x00007ffa49620000 - 0x00007ffa49761000 	C:\Windows\system32\RPCRT4.dll
0x00007ffa494d0000 - 0x00007ffa49620000 	C:\Windows\system32\GDI32.dll
0x00007ffa491e0000 - 0x00007ffa49216000 	C:\Windows\system32\IMM32.DLL
0x00007ffa4b2a0000 - 0x00007ffa4b3f2000 	C:\Windows\system32\MSCTF.dll
0x0000000059fa0000 - 0x000000005a072000 	C:\Program Files\Java\jdk1.8.0_71\jre\bin\msvcr100.dll
0x000000005a080000 - 0x000000005a90f000 	C:\Program Files\Java\jdk1.8.0_71\jre\bin\server\jvm.dll
0x00007ffa42630000 - 0x00007ffa42639000 	C:\Windows\SYSTEM32\WSOCK32.dll
0x00007ffa45a00000 - 0x00007ffa45a22000 	C:\Windows\SYSTEM32\WINMM.dll
0x00007ffa46110000 - 0x00007ffa4611a000 	C:\Windows\SYSTEM32\VERSION.dll
0x00007ffa48d60000 - 0x00007ffa48d67000 	C:\Windows\system32\PSAPI.DLL
0x00007ffa49470000 - 0x00007ffa494ca000 	C:\Windows\system32\WS2_32.dll
0x00007ffa45820000 - 0x00007ffa4584a000 	C:\Windows\SYSTEM32\WINMMBASE.dll
0x00007ffa4b6d0000 - 0x00007ffa4b6d9000 	C:\Windows\system32\NSI.dll
0x00007ffa48c00000 - 0x00007ffa48c4f000 	C:\Windows\SYSTEM32\cfgmgr32.dll
0x00007ffa47640000 - 0x00007ffa47668000 	C:\Windows\SYSTEM32\DEVOBJ.dll
0x0000000059f50000 - 0x0000000059f5f000 	C:\Program Files\Java\jdk1.8.0_71\jre\bin\verify.dll
0x0000000059f20000 - 0x0000000059f49000 	C:\Program Files\Java\jdk1.8.0_71\jre\bin\java.dll
0x0000000059f00000 - 0x0000000059f16000 	C:\Program Files\Java\jdk1.8.0_71\jre\bin\zip.dll

VM Arguments:
jvm_args: -Dapplication.home=C:\Program Files\Java\jdk1.8.0_71 -Xms8m 
java_command: com.sun.tools.javac.Main -d C:\Users\ASUS\Documents\NetBeansProjects\JavaApplication2\build\classes -classpath C:\Users\ASUS\Documents\NetBeansProjects\JavaApplication2\build\classes -sourcepath C:\Users\ASUS\Documents\NetBeansProjects\JavaApplication2\build\empty -target 1.8 -encoding UTF-8 -g -processorpath C:\Users\ASUS\Documents\NetBeansProjects\JavaApplication2\build\empty -s C:\Users\ASUS\Documents\NetBeansProjects\JavaApplication2\build\generated-sources\ap-source-output -source 1.8 C:\Users\ASUS\Documents\NetBeansProjects\JavaApplication2\src\javaapplication2\Agent.java
java_class_path (initial): C:\Program Files\Java\jdk1.8.0_71/lib/tools.jar;C:\Program Files\Java\jdk1.8.0_71/classes
Launcher Type: SUN_STANDARD

Environment Variables:
PATH=C:\ProgramData\Oracle\Java\javapath;C:\Program Files (x86)\NVIDIA Corporation\PhysX\Common;C:\Program Files (x86)\Intel\iCLS Client\;C:\Program Files\Intel\iCLS Client\;C:\Windows\system32;C:\Windows;C:\Windows\System32\Wbem;C:\Windows\System32\WindowsPowerShell\v1.0\;C:\Program Files\Intel\Intel(R) Management Engine Components\DAL;C:\Program Files (x86)\Intel\Intel(R) Management Engine Components\DAL;C:\Program Files\Intel\Intel(R) Management Engine Components\IPT;C:\Program Files (x86)\Intel\Intel(R) Management Engine Components\IPT;C:\Program Files (x86)\GtkSharp\2.12\bin;C:\Program Files\Git\cmd;C:\Python27
USERNAME=ASUS
OS=Windows_NT
PROCESSOR_IDENTIFIER=Intel64 Family 6 Model 61 Stepping 4, GenuineIntel



---------------  S Y S T E M  ---------------

OS: Windows 8.1 , 64 bit Build 9600 (6.3.9600.17415)

CPU:total 4 (2 cores per cpu, 2 threads per core) family 6 model 61 stepping 4, cmov, cx8, fxsr, mmx, sse, sse2, sse3, ssse3, sse4.1, sse4.2, popcnt, avx, avx2, aes, clmul, erms, 3dnowpref, lzcnt, ht, tsc, tscinvbit, bmi1, bmi2, adx

Memory: 4k page, physical 8288656k(1470996k free), swap 11434384k(6060k free)

vm_info: Java HotSpot(TM) 64-Bit Server VM (25.71-b15) for windows-amd64 JRE (1.8.0_71-b15), built on Dec 22 2015 18:15:55 by "java_re" with MS VC++ 10.0 (VS2010)

time: Sat Apr 16 17:04:24 2016
elapsed time: 0 seconds (0d 0h 0m 0s)

